<?xml version="1.0" encoding="UTF-8"?>
<testsuite name="com.openai.beta.LoginPageTests" tests="1" skipped="0" failures="0" errors="0" timestamp="2023-01-04T17:06:19" hostname="EPUALVIW064A" time="0.244">
  <properties/>
  <testcase name="loginPageTest()" classname="com.openai.beta.LoginPageTests" time="0.244"/>
  <system-out><![CDATA[]]></system-out>
  <system-err><![CDATA[[Test worker] INFO com.openapi.beta.logger.SLF4J - Username filled
[Test worker] INFO com.openapi.beta.logger.SLF4J - Password filled
[Test worker] INFO com.openapi.beta.logger.SLF4J - Successfully logged in
]]></system-err>
</testsuite>
